2025-10-17 17:01:00.007 |  |  | ERROR | [main] | o.s.b.d.LoggingFailureAnalysisReporter:40 | 

***************************
APPLICATION FAILED TO START
***************************

Description:

The bean 'encProperties', defined in class path resource [toolkit/FilterConf.class], could not be registered. A bean with that name has already been defined in file [C:\itaojingit\toolkit\toolkit\toolkit-core\target\classes\toolkit\enc\properties\EncProperties.class] and overriding is disabled.

Action:

Consider renaming one of the beans or enabling overriding by setting spring.main.allow-bean-definition-overriding=true

2025-10-17 17:03:14.193 |  |  | ERROR | [http-nio-8080-exec-2] | o.a.c.c.C.[.[.[.[dispatcherServlet]:175 | Servlet.service() for servlet [dispatcherServlet] in context with path [] threw exception
java.lang.RuntimeException: Decrypt request body failed
	at toolkit.enc.filter.HttpBodyEncFilter.doFilter(HttpBodyEncFilter.java:99)
	at org.apache.catalina.core.ApplicationFilterChain.internalDoFilter(ApplicationFilterChain.java:190)
	at org.apache.catalina.core.ApplicationFilterChain.doFilter(ApplicationFilterChain.java:163)
	at org.springframework.web.filter.RequestContextFilter.doFilterInternal(RequestContextFilter.java:100)
	at org.springframework.web.filter.OncePerRequestFilter.doFilter(OncePerRequestFilter.java:119)
	at org.apache.catalina.core.ApplicationFilterChain.internalDoFilter(ApplicationFilterChain.java:190)
	at org.apache.catalina.core.ApplicationFilterChain.doFilter(ApplicationFilterChain.java:163)
	at org.springframework.web.filter.FormContentFilter.doFilterInternal(FormContentFilter.java:93)
	at org.springframework.web.filter.OncePerRequestFilter.doFilter(OncePerRequestFilter.java:119)
	at org.apache.catalina.core.ApplicationFilterChain.internalDoFilter(ApplicationFilterChain.java:190)
	at org.apache.catalina.core.ApplicationFilterChain.doFilter(ApplicationFilterChain.java:163)
	at org.springframework.web.filter.CharacterEncodingFilter.doFilterInternal(CharacterEncodingFilter.java:201)
	at org.springframework.web.filter.OncePerRequestFilter.doFilter(OncePerRequestFilter.java:119)
	at org.apache.catalina.core.ApplicationFilterChain.internalDoFilter(ApplicationFilterChain.java:190)
	at org.apache.catalina.core.ApplicationFilterChain.doFilter(ApplicationFilterChain.java:163)
	at org.apache.catalina.core.StandardWrapperValve.invoke(StandardWrapperValve.java:202)
	at org.apache.catalina.core.StandardContextValve.invoke(StandardContextValve.java:97)
	at org.apache.catalina.authenticator.AuthenticatorBase.invoke(AuthenticatorBase.java:542)
	at org.apache.catalina.core.StandardHostValve.invoke(StandardHostValve.java:143)
	at org.apache.catalina.valves.ErrorReportValve.invoke(ErrorReportValve.java:92)
	at org.apache.catalina.core.StandardEngineValve.invoke(StandardEngineValve.java:78)
	at org.apache.catalina.connector.CoyoteAdapter.service(CoyoteAdapter.java:357)
	at org.apache.coyote.http11.Http11Processor.service(Http11Processor.java:382)
	at org.apache.coyote.AbstractProcessorLight.process(AbstractProcessorLight.java:65)
	at org.apache.coyote.AbstractProtocol$ConnectionHandler.process(AbstractProtocol.java:893)
	at org.apache.tomcat.util.net.NioEndpoint$SocketProcessor.doRun(NioEndpoint.java:1723)
	at org.apache.tomcat.util.net.SocketProcessorBase.run(SocketProcessorBase.java:49)
	at java.util.concurrent.ThreadPoolExecutor.runWorker(ThreadPoolExecutor.java:1149)
	at java.util.concurrent.ThreadPoolExecutor$Worker.run(ThreadPoolExecutor.java:624)
	at org.apache.tomcat.util.threads.TaskThread$WrappingRunnable.run(TaskThread.java:61)
	at java.lang.Thread.run(Thread.java:750)
Caused by: java.lang.NullPointerException: null
	at java.util.Base64$Decoder.decode(Base64.java:549)
	at toolkit.enc.encrypts.SM2Util.decrypt(SM2Util.java:163)
	at toolkit.enc.encrypts.SM2EncryptAlogritm.decryptFromBase64(SM2EncryptAlogritm.java:20)
	at toolkit.enc.filter.HttpBodyEncFilter.performDecryption(HttpBodyEncFilter.java:210)
	at toolkit.enc.filter.HttpBodyEncFilter.doFilter(HttpBodyEncFilter.java:96)
	... 30 common frames omitted
2025-10-17 17:04:52.887 |  |  | ERROR | [http-nio-8080-exec-4] | o.a.c.c.C.[.[.[.[dispatcherServlet]:175 | Servlet.service() for servlet [dispatcherServlet] in context with path [] threw exception
java.lang.RuntimeException: Decrypt request body failed
	at toolkit.enc.filter.HttpBodyEncFilter.doFilter(HttpBodyEncFilter.java:99)
	at org.apache.catalina.core.ApplicationFilterChain.internalDoFilter(ApplicationFilterChain.java:190)
	at org.apache.catalina.core.ApplicationFilterChain.doFilter(ApplicationFilterChain.java:163)
	at org.springframework.web.filter.RequestContextFilter.doFilterInternal(RequestContextFilter.java:100)
	at org.springframework.web.filter.OncePerRequestFilter.doFilter(OncePerRequestFilter.java:119)
	at org.apache.catalina.core.ApplicationFilterChain.internalDoFilter(ApplicationFilterChain.java:190)
	at org.apache.catalina.core.ApplicationFilterChain.doFilter(ApplicationFilterChain.java:163)
	at org.springframework.web.filter.FormContentFilter.doFilterInternal(FormContentFilter.java:93)
	at org.springframework.web.filter.OncePerRequestFilter.doFilter(OncePerRequestFilter.java:119)
	at org.apache.catalina.core.ApplicationFilterChain.internalDoFilter(ApplicationFilterChain.java:190)
	at org.apache.catalina.core.ApplicationFilterChain.doFilter(ApplicationFilterChain.java:163)
	at org.springframework.web.filter.CharacterEncodingFilter.doFilterInternal(CharacterEncodingFilter.java:201)
	at org.springframework.web.filter.OncePerRequestFilter.doFilter(OncePerRequestFilter.java:119)
	at org.apache.catalina.core.ApplicationFilterChain.internalDoFilter(ApplicationFilterChain.java:190)
	at org.apache.catalina.core.ApplicationFilterChain.doFilter(ApplicationFilterChain.java:163)
	at org.apache.catalina.core.StandardWrapperValve.invoke(StandardWrapperValve.java:202)
	at org.apache.catalina.core.StandardContextValve.invoke(StandardContextValve.java:97)
	at org.apache.catalina.authenticator.AuthenticatorBase.invoke(AuthenticatorBase.java:542)
	at org.apache.catalina.core.StandardHostValve.invoke(StandardHostValve.java:143)
	at org.apache.catalina.valves.ErrorReportValve.invoke(ErrorReportValve.java:92)
	at org.apache.catalina.core.StandardEngineValve.invoke(StandardEngineValve.java:78)
	at org.apache.catalina.connector.CoyoteAdapter.service(CoyoteAdapter.java:357)
	at org.apache.coyote.http11.Http11Processor.service(Http11Processor.java:382)
	at org.apache.coyote.AbstractProcessorLight.process(AbstractProcessorLight.java:65)
	at org.apache.coyote.AbstractProtocol$ConnectionHandler.process(AbstractProtocol.java:893)
	at org.apache.tomcat.util.net.NioEndpoint$SocketProcessor.doRun(NioEndpoint.java:1723)
	at org.apache.tomcat.util.net.SocketProcessorBase.run(SocketProcessorBase.java:49)
	at java.util.concurrent.ThreadPoolExecutor.runWorker(ThreadPoolExecutor.java:1149)
	at java.util.concurrent.ThreadPoolExecutor$Worker.run(ThreadPoolExecutor.java:624)
	at org.apache.tomcat.util.threads.TaskThread$WrappingRunnable.run(TaskThread.java:61)
	at java.lang.Thread.run(Thread.java:750)
Caused by: java.lang.IllegalArgumentException: Invalid point encoding 0x71
	at org.bouncycastle.math.ec.ECCurve.decodePoint(Unknown Source)
	at org.bouncycastle.crypto.engines.SM2Engine.decrypt(Unknown Source)
	at org.bouncycastle.crypto.engines.SM2Engine.processBlock(Unknown Source)
	at toolkit.enc.encrypts.SM2Util.decrypt(SM2Util.java:164)
	at toolkit.enc.encrypts.SM2EncryptAlogritm.decryptFromBase64(SM2EncryptAlogritm.java:20)
	at toolkit.enc.filter.HttpBodyEncFilter.performDecryption(HttpBodyEncFilter.java:210)
	at toolkit.enc.filter.HttpBodyEncFilter.doFilter(HttpBodyEncFilter.java:96)
	... 30 common frames omitted
2025-10-17 17:08:43.548 |  |  | ERROR | [http-nio-8080-exec-6] | o.a.c.c.C.[.[.[.[dispatcherServlet]:175 | Servlet.service() for servlet [dispatcherServlet] in context with path [] threw exception
java.lang.RuntimeException: Decrypt request body failed
	at toolkit.enc.filter.HttpBodyEncFilter.doFilter(HttpBodyEncFilter.java:99)
	at org.apache.catalina.core.ApplicationFilterChain.internalDoFilter(ApplicationFilterChain.java:190)
	at org.apache.catalina.core.ApplicationFilterChain.doFilter(ApplicationFilterChain.java:163)
	at org.springframework.web.filter.RequestContextFilter.doFilterInternal(RequestContextFilter.java:100)
	at org.springframework.web.filter.OncePerRequestFilter.doFilter(OncePerRequestFilter.java:119)
	at org.apache.catalina.core.ApplicationFilterChain.internalDoFilter(ApplicationFilterChain.java:190)
	at org.apache.catalina.core.ApplicationFilterChain.doFilter(ApplicationFilterChain.java:163)
	at org.springframework.web.filter.FormContentFilter.doFilterInternal(FormContentFilter.java:93)
	at org.springframework.web.filter.OncePerRequestFilter.doFilter(OncePerRequestFilter.java:119)
	at org.apache.catalina.core.ApplicationFilterChain.internalDoFilter(ApplicationFilterChain.java:190)
	at org.apache.catalina.core.ApplicationFilterChain.doFilter(ApplicationFilterChain.java:163)
	at org.springframework.web.filter.CharacterEncodingFilter.doFilterInternal(CharacterEncodingFilter.java:201)
	at org.springframework.web.filter.OncePerRequestFilter.doFilter(OncePerRequestFilter.java:119)
	at org.apache.catalina.core.ApplicationFilterChain.internalDoFilter(ApplicationFilterChain.java:190)
	at org.apache.catalina.core.ApplicationFilterChain.doFilter(ApplicationFilterChain.java:163)
	at org.apache.catalina.core.StandardWrapperValve.invoke(StandardWrapperValve.java:202)
	at org.apache.catalina.core.StandardContextValve.invoke(StandardContextValve.java:97)
	at org.apache.catalina.authenticator.AuthenticatorBase.invoke(AuthenticatorBase.java:542)
	at org.apache.catalina.core.StandardHostValve.invoke(StandardHostValve.java:143)
	at org.apache.catalina.valves.ErrorReportValve.invoke(ErrorReportValve.java:92)
	at org.apache.catalina.core.StandardEngineValve.invoke(StandardEngineValve.java:78)
	at org.apache.catalina.connector.CoyoteAdapter.service(CoyoteAdapter.java:357)
	at org.apache.coyote.http11.Http11Processor.service(Http11Processor.java:382)
	at org.apache.coyote.AbstractProcessorLight.process(AbstractProcessorLight.java:65)
	at org.apache.coyote.AbstractProtocol$ConnectionHandler.process(AbstractProtocol.java:893)
	at org.apache.tomcat.util.net.NioEndpoint$SocketProcessor.doRun(NioEndpoint.java:1723)
	at org.apache.tomcat.util.net.SocketProcessorBase.run(SocketProcessorBase.java:49)
	at java.util.concurrent.ThreadPoolExecutor.runWorker(ThreadPoolExecutor.java:1149)
	at java.util.concurrent.ThreadPoolExecutor$Worker.run(ThreadPoolExecutor.java:624)
	at org.apache.tomcat.util.threads.TaskThread$WrappingRunnable.run(TaskThread.java:61)
	at java.lang.Thread.run(Thread.java:750)
Caused by: java.lang.IllegalArgumentException: Invalid point encoding 0x71
	at org.bouncycastle.math.ec.ECCurve.decodePoint(Unknown Source)
	at org.bouncycastle.crypto.engines.SM2Engine.decrypt(Unknown Source)
	at org.bouncycastle.crypto.engines.SM2Engine.processBlock(Unknown Source)
	at toolkit.enc.encrypts.SM2Util.decrypt(SM2Util.java:164)
	at toolkit.enc.encrypts.SM2EncryptAlogritm.decryptFromBase64(SM2EncryptAlogritm.java:20)
	at toolkit.enc.filter.HttpBodyEncFilter.performDecryption(HttpBodyEncFilter.java:210)
	at toolkit.enc.filter.HttpBodyEncFilter.doFilter(HttpBodyEncFilter.java:96)
	... 30 common frames omitted
2025-10-17 17:15:35.021 |  |  | ERROR | [http-nio-8080-exec-2] | o.a.c.c.C.[.[.[.[dispatcherServlet]:175 | Servlet.service() for servlet [dispatcherServlet] in context with path [] threw exception
java.lang.RuntimeException: Decrypt request body failed
	at toolkit.enc.filter.HttpBodyEncFilter.doFilter(HttpBodyEncFilter.java:99)
	at org.apache.catalina.core.ApplicationFilterChain.internalDoFilter(ApplicationFilterChain.java:190)
	at org.apache.catalina.core.ApplicationFilterChain.doFilter(ApplicationFilterChain.java:163)
	at org.springframework.web.filter.RequestContextFilter.doFilterInternal(RequestContextFilter.java:100)
	at org.springframework.web.filter.OncePerRequestFilter.doFilter(OncePerRequestFilter.java:119)
	at org.apache.catalina.core.ApplicationFilterChain.internalDoFilter(ApplicationFilterChain.java:190)
	at org.apache.catalina.core.ApplicationFilterChain.doFilter(ApplicationFilterChain.java:163)
	at org.springframework.web.filter.FormContentFilter.doFilterInternal(FormContentFilter.java:93)
	at org.springframework.web.filter.OncePerRequestFilter.doFilter(OncePerRequestFilter.java:119)
	at org.apache.catalina.core.ApplicationFilterChain.internalDoFilter(ApplicationFilterChain.java:190)
	at org.apache.catalina.core.ApplicationFilterChain.doFilter(ApplicationFilterChain.java:163)
	at org.springframework.web.filter.CharacterEncodingFilter.doFilterInternal(CharacterEncodingFilter.java:201)
	at org.springframework.web.filter.OncePerRequestFilter.doFilter(OncePerRequestFilter.java:119)
	at org.apache.catalina.core.ApplicationFilterChain.internalDoFilter(ApplicationFilterChain.java:190)
	at org.apache.catalina.core.ApplicationFilterChain.doFilter(ApplicationFilterChain.java:163)
	at org.apache.catalina.core.StandardWrapperValve.invoke(StandardWrapperValve.java:202)
	at org.apache.catalina.core.StandardContextValve.invoke(StandardContextValve.java:97)
	at org.apache.catalina.authenticator.AuthenticatorBase.invoke(AuthenticatorBase.java:542)
	at org.apache.catalina.core.StandardHostValve.invoke(StandardHostValve.java:143)
	at org.apache.catalina.valves.ErrorReportValve.invoke(ErrorReportValve.java:92)
	at org.apache.catalina.core.StandardEngineValve.invoke(StandardEngineValve.java:78)
	at org.apache.catalina.connector.CoyoteAdapter.service(CoyoteAdapter.java:357)
	at org.apache.coyote.http11.Http11Processor.service(Http11Processor.java:382)
	at org.apache.coyote.AbstractProcessorLight.process(AbstractProcessorLight.java:65)
	at org.apache.coyote.AbstractProtocol$ConnectionHandler.process(AbstractProtocol.java:893)
	at org.apache.tomcat.util.net.NioEndpoint$SocketProcessor.doRun(NioEndpoint.java:1723)
	at org.apache.tomcat.util.net.SocketProcessorBase.run(SocketProcessorBase.java:49)
	at java.util.concurrent.ThreadPoolExecutor.runWorker(ThreadPoolExecutor.java:1149)
	at java.util.concurrent.ThreadPoolExecutor$Worker.run(ThreadPoolExecutor.java:624)
	at org.apache.tomcat.util.threads.TaskThread$WrappingRunnable.run(TaskThread.java:61)
	at java.lang.Thread.run(Thread.java:750)
Caused by: java.lang.IllegalArgumentException: Invalid point encoding 0x71
	at org.bouncycastle.math.ec.ECCurve.decodePoint(Unknown Source)
	at org.bouncycastle.crypto.engines.SM2Engine.decrypt(Unknown Source)
	at org.bouncycastle.crypto.engines.SM2Engine.processBlock(Unknown Source)
	at toolkit.enc.encrypts.SM2Util.decrypt(SM2Util.java:164)
	at toolkit.enc.encrypts.SM2EncryptAlogritm.decryptFromBase64(SM2EncryptAlogritm.java:20)
	at toolkit.enc.filter.HttpBodyEncFilter.performDecryption(HttpBodyEncFilter.java:210)
	at toolkit.enc.filter.HttpBodyEncFilter.doFilter(HttpBodyEncFilter.java:96)
	... 30 common frames omitted
2025-10-17 17:16:35.112 |  |  | ERROR | [http-nio-8080-exec-4] | o.a.c.c.C.[.[.[.[dispatcherServlet]:175 | Servlet.service() for servlet [dispatcherServlet] in context with path [] threw exception
java.lang.RuntimeException: Decrypt request body failed
	at toolkit.enc.filter.HttpBodyEncFilter.doFilter(HttpBodyEncFilter.java:99)
	at org.apache.catalina.core.ApplicationFilterChain.internalDoFilter(ApplicationFilterChain.java:190)
	at org.apache.catalina.core.ApplicationFilterChain.doFilter(ApplicationFilterChain.java:163)
	at org.springframework.web.filter.RequestContextFilter.doFilterInternal(RequestContextFilter.java:100)
	at org.springframework.web.filter.OncePerRequestFilter.doFilter(OncePerRequestFilter.java:119)
	at org.apache.catalina.core.ApplicationFilterChain.internalDoFilter(ApplicationFilterChain.java:190)
	at org.apache.catalina.core.ApplicationFilterChain.doFilter(ApplicationFilterChain.java:163)
	at org.springframework.web.filter.FormContentFilter.doFilterInternal(FormContentFilter.java:93)
	at org.springframework.web.filter.OncePerRequestFilter.doFilter(OncePerRequestFilter.java:119)
	at org.apache.catalina.core.ApplicationFilterChain.internalDoFilter(ApplicationFilterChain.java:190)
	at org.apache.catalina.core.ApplicationFilterChain.doFilter(ApplicationFilterChain.java:163)
	at org.springframework.web.filter.CharacterEncodingFilter.doFilterInternal(CharacterEncodingFilter.java:201)
	at org.springframework.web.filter.OncePerRequestFilter.doFilter(OncePerRequestFilter.java:119)
	at org.apache.catalina.core.ApplicationFilterChain.internalDoFilter(ApplicationFilterChain.java:190)
	at org.apache.catalina.core.ApplicationFilterChain.doFilter(ApplicationFilterChain.java:163)
	at org.apache.catalina.core.StandardWrapperValve.invoke(StandardWrapperValve.java:202)
	at org.apache.catalina.core.StandardContextValve.invoke(StandardContextValve.java:97)
	at org.apache.catalina.authenticator.AuthenticatorBase.invoke(AuthenticatorBase.java:542)
	at org.apache.catalina.core.StandardHostValve.invoke(StandardHostValve.java:143)
	at org.apache.catalina.valves.ErrorReportValve.invoke(ErrorReportValve.java:92)
	at org.apache.catalina.core.StandardEngineValve.invoke(StandardEngineValve.java:78)
	at org.apache.catalina.connector.CoyoteAdapter.service(CoyoteAdapter.java:357)
	at org.apache.coyote.http11.Http11Processor.service(Http11Processor.java:382)
	at org.apache.coyote.AbstractProcessorLight.process(AbstractProcessorLight.java:65)
	at org.apache.coyote.AbstractProtocol$ConnectionHandler.process(AbstractProtocol.java:893)
	at org.apache.tomcat.util.net.NioEndpoint$SocketProcessor.doRun(NioEndpoint.java:1723)
	at org.apache.tomcat.util.net.SocketProcessorBase.run(SocketProcessorBase.java:49)
	at java.util.concurrent.ThreadPoolExecutor.runWorker(ThreadPoolExecutor.java:1149)
	at java.util.concurrent.ThreadPoolExecutor$Worker.run(ThreadPoolExecutor.java:624)
	at org.apache.tomcat.util.threads.TaskThread$WrappingRunnable.run(TaskThread.java:61)
	at java.lang.Thread.run(Thread.java:750)
Caused by: java.lang.IllegalArgumentException: Invalid point encoding 0x71
	at org.bouncycastle.math.ec.ECCurve.decodePoint(Unknown Source)
	at org.bouncycastle.crypto.engines.SM2Engine.decrypt(Unknown Source)
	at org.bouncycastle.crypto.engines.SM2Engine.processBlock(Unknown Source)
	at toolkit.enc.encrypts.SM2Util.decrypt(SM2Util.java:164)
	at toolkit.enc.encrypts.SM2EncryptAlogritm.decryptFromBase64(SM2EncryptAlogritm.java:20)
	at toolkit.enc.filter.HttpBodyEncFilter.performDecryption(HttpBodyEncFilter.java:210)
	at toolkit.enc.filter.HttpBodyEncFilter.doFilter(HttpBodyEncFilter.java:96)
	... 30 common frames omitted
2025-10-17 17:18:08.375 |  |  | ERROR | [http-nio-8080-exec-3] | o.a.c.c.C.[.[.[.[dispatcherServlet]:175 | Servlet.service() for servlet [dispatcherServlet] in context with path [] threw exception [Filter execution threw an exception] with root cause
java.lang.ClassNotFoundException: cn.hutool.crypto.digest.MD5
	at java.net.URLClassLoader.findClass(URLClassLoader.java:387)
	at java.lang.ClassLoader.loadClass(ClassLoader.java:418)
	at sun.misc.Launcher$AppClassLoader.loadClass(Launcher.java:355)
	at java.lang.ClassLoader.loadClass(ClassLoader.java:351)
	at toolkit.enc.filter.HttpBodyEncFilter.performDecryption(HttpBodyEncFilter.java:212)
	at toolkit.enc.filter.HttpBodyEncFilter.doFilter(HttpBodyEncFilter.java:96)
	at org.apache.catalina.core.ApplicationFilterChain.internalDoFilter(ApplicationFilterChain.java:190)
	at org.apache.catalina.core.ApplicationFilterChain.doFilter(ApplicationFilterChain.java:163)
	at org.springframework.web.filter.RequestContextFilter.doFilterInternal(RequestContextFilter.java:100)
	at org.springframework.web.filter.OncePerRequestFilter.doFilter(OncePerRequestFilter.java:119)
	at org.apache.catalina.core.ApplicationFilterChain.internalDoFilter(ApplicationFilterChain.java:190)
	at org.apache.catalina.core.ApplicationFilterChain.doFilter(ApplicationFilterChain.java:163)
	at org.springframework.web.filter.FormContentFilter.doFilterInternal(FormContentFilter.java:93)
	at org.springframework.web.filter.OncePerRequestFilter.doFilter(OncePerRequestFilter.java:119)
	at org.apache.catalina.core.ApplicationFilterChain.internalDoFilter(ApplicationFilterChain.java:190)
	at org.apache.catalina.core.ApplicationFilterChain.doFilter(ApplicationFilterChain.java:163)
	at org.springframework.web.filter.CharacterEncodingFilter.doFilterInternal(CharacterEncodingFilter.java:201)
	at org.springframework.web.filter.OncePerRequestFilter.doFilter(OncePerRequestFilter.java:119)
	at org.apache.catalina.core.ApplicationFilterChain.internalDoFilter(ApplicationFilterChain.java:190)
	at org.apache.catalina.core.ApplicationFilterChain.doFilter(ApplicationFilterChain.java:163)
	at org.apache.catalina.core.StandardWrapperValve.invoke(StandardWrapperValve.java:202)
	at org.apache.catalina.core.StandardContextValve.invoke(StandardContextValve.java:97)
	at org.apache.catalina.authenticator.AuthenticatorBase.invoke(AuthenticatorBase.java:542)
	at org.apache.catalina.core.StandardHostValve.invoke(StandardHostValve.java:143)
	at org.apache.catalina.valves.ErrorReportValve.invoke(ErrorReportValve.java:92)
	at org.apache.catalina.core.StandardEngineValve.invoke(StandardEngineValve.java:78)
	at org.apache.catalina.connector.CoyoteAdapter.service(CoyoteAdapter.java:357)
	at org.apache.coyote.http11.Http11Processor.service(Http11Processor.java:382)
	at org.apache.coyote.AbstractProcessorLight.process(AbstractProcessorLight.java:65)
	at org.apache.coyote.AbstractProtocol$ConnectionHandler.process(AbstractProtocol.java:893)
	at org.apache.tomcat.util.net.NioEndpoint$SocketProcessor.doRun(NioEndpoint.java:1723)
	at org.apache.tomcat.util.net.SocketProcessorBase.run(SocketProcessorBase.java:49)
	at java.util.concurrent.ThreadPoolExecutor.runWorker(ThreadPoolExecutor.java:1149)
	at java.util.concurrent.ThreadPoolExecutor$Worker.run(ThreadPoolExecutor.java:624)
	at org.apache.tomcat.util.threads.TaskThread$WrappingRunnable.run(TaskThread.java:61)
	at java.lang.Thread.run(Thread.java:750)
2025-10-17 17:19:03.188 |  |  | ERROR | [http-nio-8080-exec-1] | o.a.c.c.C.[.[.[.[dispatcherServlet]:175 | Servlet.service() for servlet [dispatcherServlet] in context with path [] threw exception
java.lang.RuntimeException: Decrypt request body failed
	at toolkit.enc.filter.HttpBodyEncFilter.doFilter(HttpBodyEncFilter.java:99)
	at org.apache.catalina.core.ApplicationFilterChain.internalDoFilter(ApplicationFilterChain.java:190)
	at org.apache.catalina.core.ApplicationFilterChain.doFilter(ApplicationFilterChain.java:163)
	at org.springframework.web.filter.RequestContextFilter.doFilterInternal(RequestContextFilter.java:100)
	at org.springframework.web.filter.OncePerRequestFilter.doFilter(OncePerRequestFilter.java:119)
	at org.apache.catalina.core.ApplicationFilterChain.internalDoFilter(ApplicationFilterChain.java:190)
	at org.apache.catalina.core.ApplicationFilterChain.doFilter(ApplicationFilterChain.java:163)
	at org.springframework.web.filter.FormContentFilter.doFilterInternal(FormContentFilter.java:93)
	at org.springframework.web.filter.OncePerRequestFilter.doFilter(OncePerRequestFilter.java:119)
	at org.apache.catalina.core.ApplicationFilterChain.internalDoFilter(ApplicationFilterChain.java:190)
	at org.apache.catalina.core.ApplicationFilterChain.doFilter(ApplicationFilterChain.java:163)
	at org.springframework.web.filter.CharacterEncodingFilter.doFilterInternal(CharacterEncodingFilter.java:201)
	at org.springframework.web.filter.OncePerRequestFilter.doFilter(OncePerRequestFilter.java:119)
	at org.apache.catalina.core.ApplicationFilterChain.internalDoFilter(ApplicationFilterChain.java:190)
	at org.apache.catalina.core.ApplicationFilterChain.doFilter(ApplicationFilterChain.java:163)
	at org.apache.catalina.core.StandardWrapperValve.invoke(StandardWrapperValve.java:202)
	at org.apache.catalina.core.StandardContextValve.invoke(StandardContextValve.java:97)
	at org.apache.catalina.authenticator.AuthenticatorBase.invoke(AuthenticatorBase.java:542)
	at org.apache.catalina.core.StandardHostValve.invoke(StandardHostValve.java:143)
	at org.apache.catalina.valves.ErrorReportValve.invoke(ErrorReportValve.java:92)
	at org.apache.catalina.core.StandardEngineValve.invoke(StandardEngineValve.java:78)
	at org.apache.catalina.connector.CoyoteAdapter.service(CoyoteAdapter.java:357)
	at org.apache.coyote.http11.Http11Processor.service(Http11Processor.java:382)
	at org.apache.coyote.AbstractProcessorLight.process(AbstractProcessorLight.java:65)
	at org.apache.coyote.AbstractProtocol$ConnectionHandler.process(AbstractProtocol.java:893)
	at org.apache.tomcat.util.net.NioEndpoint$SocketProcessor.doRun(NioEndpoint.java:1723)
	at org.apache.tomcat.util.net.SocketProcessorBase.run(SocketProcessorBase.java:49)
	at java.util.concurrent.ThreadPoolExecutor.runWorker(ThreadPoolExecutor.java:1149)
	at java.util.concurrent.ThreadPoolExecutor$Worker.run(ThreadPoolExecutor.java:624)
	at org.apache.tomcat.util.threads.TaskThread$WrappingRunnable.run(TaskThread.java:61)
	at java.lang.Thread.run(Thread.java:750)
Caused by: java.lang.NullPointerException: null
	at toolkit.enc.filter.HttpBodyEncFilter.checkSign(HttpBodyEncFilter.java:125)
	at toolkit.enc.filter.HttpBodyEncFilter.performDecryption(HttpBodyEncFilter.java:212)
	at toolkit.enc.filter.HttpBodyEncFilter.doFilter(HttpBodyEncFilter.java:96)
	... 30 common frames omitted
2025-10-17 17:21:07.847 |  |  | ERROR | [http-nio-8080-exec-4] | o.a.c.c.C.[.[.[.[dispatcherServlet]:175 | Servlet.service() for servlet [dispatcherServlet] in context with path [] threw exception
java.lang.RuntimeException: Decrypt request body failed
	at toolkit.enc.filter.HttpBodyEncFilter.doFilter(HttpBodyEncFilter.java:99)
	at org.apache.catalina.core.ApplicationFilterChain.internalDoFilter(ApplicationFilterChain.java:190)
	at org.apache.catalina.core.ApplicationFilterChain.doFilter(ApplicationFilterChain.java:163)
	at org.springframework.web.filter.RequestContextFilter.doFilterInternal(RequestContextFilter.java:100)
	at org.springframework.web.filter.OncePerRequestFilter.doFilter(OncePerRequestFilter.java:119)
	at org.apache.catalina.core.ApplicationFilterChain.internalDoFilter(ApplicationFilterChain.java:190)
	at org.apache.catalina.core.ApplicationFilterChain.doFilter(ApplicationFilterChain.java:163)
	at org.springframework.web.filter.FormContentFilter.doFilterInternal(FormContentFilter.java:93)
	at org.springframework.web.filter.OncePerRequestFilter.doFilter(OncePerRequestFilter.java:119)
	at org.apache.catalina.core.ApplicationFilterChain.internalDoFilter(ApplicationFilterChain.java:190)
	at org.apache.catalina.core.ApplicationFilterChain.doFilter(ApplicationFilterChain.java:163)
	at org.springframework.web.filter.CharacterEncodingFilter.doFilterInternal(CharacterEncodingFilter.java:201)
	at org.springframework.web.filter.OncePerRequestFilter.doFilter(OncePerRequestFilter.java:119)
	at org.apache.catalina.core.ApplicationFilterChain.internalDoFilter(ApplicationFilterChain.java:190)
	at org.apache.catalina.core.ApplicationFilterChain.doFilter(ApplicationFilterChain.java:163)
	at org.apache.catalina.core.StandardWrapperValve.invoke(StandardWrapperValve.java:202)
	at org.apache.catalina.core.StandardContextValve.invoke(StandardContextValve.java:97)
	at org.apache.catalina.authenticator.AuthenticatorBase.invoke(AuthenticatorBase.java:542)
	at org.apache.catalina.core.StandardHostValve.invoke(StandardHostValve.java:143)
	at org.apache.catalina.valves.ErrorReportValve.invoke(ErrorReportValve.java:92)
	at org.apache.catalina.core.StandardEngineValve.invoke(StandardEngineValve.java:78)
	at org.apache.catalina.connector.CoyoteAdapter.service(CoyoteAdapter.java:357)
	at org.apache.coyote.http11.Http11Processor.service(Http11Processor.java:382)
	at org.apache.coyote.AbstractProcessorLight.process(AbstractProcessorLight.java:65)
	at org.apache.coyote.AbstractProtocol$ConnectionHandler.process(AbstractProtocol.java:893)
	at org.apache.tomcat.util.net.NioEndpoint$SocketProcessor.doRun(NioEndpoint.java:1723)
	at org.apache.tomcat.util.net.SocketProcessorBase.run(SocketProcessorBase.java:49)
	at java.util.concurrent.ThreadPoolExecutor.runWorker(ThreadPoolExecutor.java:1149)
	at java.util.concurrent.ThreadPoolExecutor$Worker.run(ThreadPoolExecutor.java:624)
	at org.apache.tomcat.util.threads.TaskThread$WrappingRunnable.run(TaskThread.java:61)
	at java.lang.Thread.run(Thread.java:750)
Caused by: java.lang.RuntimeException: timestamp为空
	at toolkit.enc.filter.HttpBodyEncFilter.checkSign(HttpBodyEncFilter.java:127)
	at toolkit.enc.filter.HttpBodyEncFilter.performDecryption(HttpBodyEncFilter.java:212)
	at toolkit.enc.filter.HttpBodyEncFilter.doFilter(HttpBodyEncFilter.java:96)
	... 30 common frames omitted
2025-10-17 17:26:24.195 |  |  | ERROR | [http-nio-8080-exec-2] | o.a.c.c.C.[.[.[.[dispatcherServlet]:175 | Servlet.service() for servlet [dispatcherServlet] in context with path [] threw exception
java.lang.RuntimeException: Decrypt request body failed
	at toolkit.enc.filter.HttpBodyEncFilter.doFilter(HttpBodyEncFilter.java:95)
	at org.apache.catalina.core.ApplicationFilterChain.internalDoFilter(ApplicationFilterChain.java:190)
	at org.apache.catalina.core.ApplicationFilterChain.doFilter(ApplicationFilterChain.java:163)
	at org.springframework.web.filter.RequestContextFilter.doFilterInternal(RequestContextFilter.java:100)
	at org.springframework.web.filter.OncePerRequestFilter.doFilter(OncePerRequestFilter.java:119)
	at org.apache.catalina.core.ApplicationFilterChain.internalDoFilter(ApplicationFilterChain.java:190)
	at org.apache.catalina.core.ApplicationFilterChain.doFilter(ApplicationFilterChain.java:163)
	at org.springframework.web.filter.FormContentFilter.doFilterInternal(FormContentFilter.java:93)
	at org.springframework.web.filter.OncePerRequestFilter.doFilter(OncePerRequestFilter.java:119)
	at org.apache.catalina.core.ApplicationFilterChain.internalDoFilter(ApplicationFilterChain.java:190)
	at org.apache.catalina.core.ApplicationFilterChain.doFilter(ApplicationFilterChain.java:163)
	at org.springframework.web.filter.CharacterEncodingFilter.doFilterInternal(CharacterEncodingFilter.java:201)
	at org.springframework.web.filter.OncePerRequestFilter.doFilter(OncePerRequestFilter.java:119)
	at org.apache.catalina.core.ApplicationFilterChain.internalDoFilter(ApplicationFilterChain.java:190)
	at org.apache.catalina.core.ApplicationFilterChain.doFilter(ApplicationFilterChain.java:163)
	at org.apache.catalina.core.StandardWrapperValve.invoke(StandardWrapperValve.java:202)
	at org.apache.catalina.core.StandardContextValve.invoke(StandardContextValve.java:97)
	at org.apache.catalina.authenticator.AuthenticatorBase.invoke(AuthenticatorBase.java:542)
	at org.apache.catalina.core.StandardHostValve.invoke(StandardHostValve.java:143)
	at org.apache.catalina.valves.ErrorReportValve.invoke(ErrorReportValve.java:92)
	at org.apache.catalina.core.StandardEngineValve.invoke(StandardEngineValve.java:78)
	at org.apache.catalina.connector.CoyoteAdapter.service(CoyoteAdapter.java:357)
	at org.apache.coyote.http11.Http11Processor.service(Http11Processor.java:382)
	at org.apache.coyote.AbstractProcessorLight.process(AbstractProcessorLight.java:65)
	at org.apache.coyote.AbstractProtocol$ConnectionHandler.process(AbstractProtocol.java:893)
	at org.apache.tomcat.util.net.NioEndpoint$SocketProcessor.doRun(NioEndpoint.java:1723)
	at org.apache.tomcat.util.net.SocketProcessorBase.run(SocketProcessorBase.java:49)
	at java.util.concurrent.ThreadPoolExecutor.runWorker(ThreadPoolExecutor.java:1149)
	at java.util.concurrent.ThreadPoolExecutor$Worker.run(ThreadPoolExecutor.java:624)
	at org.apache.tomcat.util.threads.TaskThread$WrappingRunnable.run(TaskThread.java:61)
	at java.lang.Thread.run(Thread.java:750)
Caused by: java.lang.RuntimeException: timestamp为空
	at toolkit.enc.filter.HttpBodyEncFilter.checkSign(HttpBodyEncFilter.java:123)
	at toolkit.enc.filter.HttpBodyEncFilter.performDecryption(HttpBodyEncFilter.java:208)
	at toolkit.enc.filter.HttpBodyEncFilter.doFilter(HttpBodyEncFilter.java:92)
	... 30 common frames omitted
2025-10-17 17:26:41.126 |  |  | ERROR | [http-nio-8080-exec-5] | o.a.c.c.C.[.[.[.[dispatcherServlet]:175 | Servlet.service() for servlet [dispatcherServlet] in context with path [] threw exception
java.lang.RuntimeException: Decrypt request body failed
	at toolkit.enc.filter.HttpBodyEncFilter.doFilter(HttpBodyEncFilter.java:95)
	at org.apache.catalina.core.ApplicationFilterChain.internalDoFilter(ApplicationFilterChain.java:190)
	at org.apache.catalina.core.ApplicationFilterChain.doFilter(ApplicationFilterChain.java:163)
	at org.springframework.web.filter.RequestContextFilter.doFilterInternal(RequestContextFilter.java:100)
	at org.springframework.web.filter.OncePerRequestFilter.doFilter(OncePerRequestFilter.java:119)
	at org.apache.catalina.core.ApplicationFilterChain.internalDoFilter(ApplicationFilterChain.java:190)
	at org.apache.catalina.core.ApplicationFilterChain.doFilter(ApplicationFilterChain.java:163)
	at org.springframework.web.filter.FormContentFilter.doFilterInternal(FormContentFilter.java:93)
	at org.springframework.web.filter.OncePerRequestFilter.doFilter(OncePerRequestFilter.java:119)
	at org.apache.catalina.core.ApplicationFilterChain.internalDoFilter(ApplicationFilterChain.java:190)
	at org.apache.catalina.core.ApplicationFilterChain.doFilter(ApplicationFilterChain.java:163)
	at org.springframework.web.filter.CharacterEncodingFilter.doFilterInternal(CharacterEncodingFilter.java:201)
	at org.springframework.web.filter.OncePerRequestFilter.doFilter(OncePerRequestFilter.java:119)
	at org.apache.catalina.core.ApplicationFilterChain.internalDoFilter(ApplicationFilterChain.java:190)
	at org.apache.catalina.core.ApplicationFilterChain.doFilter(ApplicationFilterChain.java:163)
	at org.apache.catalina.core.StandardWrapperValve.invoke(StandardWrapperValve.java:202)
	at org.apache.catalina.core.StandardContextValve.invoke(StandardContextValve.java:97)
	at org.apache.catalina.authenticator.AuthenticatorBase.invoke(AuthenticatorBase.java:542)
	at org.apache.catalina.core.StandardHostValve.invoke(StandardHostValve.java:143)
	at org.apache.catalina.valves.ErrorReportValve.invoke(ErrorReportValve.java:92)
	at org.apache.catalina.core.StandardEngineValve.invoke(StandardEngineValve.java:78)
	at org.apache.catalina.connector.CoyoteAdapter.service(CoyoteAdapter.java:357)
	at org.apache.coyote.http11.Http11Processor.service(Http11Processor.java:382)
	at org.apache.coyote.AbstractProcessorLight.process(AbstractProcessorLight.java:65)
	at org.apache.coyote.AbstractProtocol$ConnectionHandler.process(AbstractProtocol.java:893)
	at org.apache.tomcat.util.net.NioEndpoint$SocketProcessor.doRun(NioEndpoint.java:1723)
	at org.apache.tomcat.util.net.SocketProcessorBase.run(SocketProcessorBase.java:49)
	at java.util.concurrent.ThreadPoolExecutor.runWorker(ThreadPoolExecutor.java:1149)
	at java.util.concurrent.ThreadPoolExecutor$Worker.run(ThreadPoolExecutor.java:624)
	at org.apache.tomcat.util.threads.TaskThread$WrappingRunnable.run(TaskThread.java:61)
	at java.lang.Thread.run(Thread.java:750)
Caused by: java.lang.RuntimeException: timestamp错误
	at toolkit.enc.filter.HttpBodyEncFilter.checkSign(HttpBodyEncFilter.java:132)
	at toolkit.enc.filter.HttpBodyEncFilter.performDecryption(HttpBodyEncFilter.java:208)
	at toolkit.enc.filter.HttpBodyEncFilter.doFilter(HttpBodyEncFilter.java:92)
	... 30 common frames omitted
2025-10-17 17:27:32.191 |  |  | ERROR | [http-nio-8080-exec-7] | o.a.c.c.C.[.[.[.[dispatcherServlet]:175 | Servlet.service() for servlet [dispatcherServlet] in context with path [] threw exception
java.lang.RuntimeException: Decrypt request body failed
	at toolkit.enc.filter.HttpBodyEncFilter.doFilter(HttpBodyEncFilter.java:95)
	at org.apache.catalina.core.ApplicationFilterChain.internalDoFilter(ApplicationFilterChain.java:190)
	at org.apache.catalina.core.ApplicationFilterChain.doFilter(ApplicationFilterChain.java:163)
	at org.springframework.web.filter.RequestContextFilter.doFilterInternal(RequestContextFilter.java:100)
	at org.springframework.web.filter.OncePerRequestFilter.doFilter(OncePerRequestFilter.java:119)
	at org.apache.catalina.core.ApplicationFilterChain.internalDoFilter(ApplicationFilterChain.java:190)
	at org.apache.catalina.core.ApplicationFilterChain.doFilter(ApplicationFilterChain.java:163)
	at org.springframework.web.filter.FormContentFilter.doFilterInternal(FormContentFilter.java:93)
	at org.springframework.web.filter.OncePerRequestFilter.doFilter(OncePerRequestFilter.java:119)
	at org.apache.catalina.core.ApplicationFilterChain.internalDoFilter(ApplicationFilterChain.java:190)
	at org.apache.catalina.core.ApplicationFilterChain.doFilter(ApplicationFilterChain.java:163)
	at org.springframework.web.filter.CharacterEncodingFilter.doFilterInternal(CharacterEncodingFilter.java:201)
	at org.springframework.web.filter.OncePerRequestFilter.doFilter(OncePerRequestFilter.java:119)
	at org.apache.catalina.core.ApplicationFilterChain.internalDoFilter(ApplicationFilterChain.java:190)
	at org.apache.catalina.core.ApplicationFilterChain.doFilter(ApplicationFilterChain.java:163)
	at org.apache.catalina.core.StandardWrapperValve.invoke(StandardWrapperValve.java:202)
	at org.apache.catalina.core.StandardContextValve.invoke(StandardContextValve.java:97)
	at org.apache.catalina.authenticator.AuthenticatorBase.invoke(AuthenticatorBase.java:542)
	at org.apache.catalina.core.StandardHostValve.invoke(StandardHostValve.java:143)
	at org.apache.catalina.valves.ErrorReportValve.invoke(ErrorReportValve.java:92)
	at org.apache.catalina.core.StandardEngineValve.invoke(StandardEngineValve.java:78)
	at org.apache.catalina.connector.CoyoteAdapter.service(CoyoteAdapter.java:357)
	at org.apache.coyote.http11.Http11Processor.service(Http11Processor.java:382)
	at org.apache.coyote.AbstractProcessorLight.process(AbstractProcessorLight.java:65)
	at org.apache.coyote.AbstractProtocol$ConnectionHandler.process(AbstractProtocol.java:893)
	at org.apache.tomcat.util.net.NioEndpoint$SocketProcessor.doRun(NioEndpoint.java:1723)
	at org.apache.tomcat.util.net.SocketProcessorBase.run(SocketProcessorBase.java:49)
	at java.util.concurrent.ThreadPoolExecutor.runWorker(ThreadPoolExecutor.java:1149)
	at java.util.concurrent.ThreadPoolExecutor$Worker.run(ThreadPoolExecutor.java:624)
	at org.apache.tomcat.util.threads.TaskThread$WrappingRunnable.run(TaskThread.java:61)
	at java.lang.Thread.run(Thread.java:750)
Caused by: java.lang.RuntimeException: timestamp错误
	at toolkit.enc.filter.HttpBodyEncFilter.checkSign(HttpBodyEncFilter.java:132)
	at toolkit.enc.filter.HttpBodyEncFilter.performDecryption(HttpBodyEncFilter.java:208)
	at toolkit.enc.filter.HttpBodyEncFilter.doFilter(HttpBodyEncFilter.java:92)
	... 30 common frames omitted
2025-10-17 17:28:19.734 |  |  | ERROR | [http-nio-8080-exec-1] | o.a.c.c.C.[.[.[.[dispatcherServlet]:175 | Servlet.service() for servlet [dispatcherServlet] in context with path [] threw exception
java.lang.RuntimeException: Decrypt request body failed
	at toolkit.enc.filter.HttpBodyEncFilter.doFilter(HttpBodyEncFilter.java:95)
	at org.apache.catalina.core.ApplicationFilterChain.internalDoFilter(ApplicationFilterChain.java:190)
	at org.apache.catalina.core.ApplicationFilterChain.doFilter(ApplicationFilterChain.java:163)
	at org.springframework.web.filter.RequestContextFilter.doFilterInternal(RequestContextFilter.java:100)
	at org.springframework.web.filter.OncePerRequestFilter.doFilter(OncePerRequestFilter.java:119)
	at org.apache.catalina.core.ApplicationFilterChain.internalDoFilter(ApplicationFilterChain.java:190)
	at org.apache.catalina.core.ApplicationFilterChain.doFilter(ApplicationFilterChain.java:163)
	at org.springframework.web.filter.FormContentFilter.doFilterInternal(FormContentFilter.java:93)
	at org.springframework.web.filter.OncePerRequestFilter.doFilter(OncePerRequestFilter.java:119)
	at org.apache.catalina.core.ApplicationFilterChain.internalDoFilter(ApplicationFilterChain.java:190)
	at org.apache.catalina.core.ApplicationFilterChain.doFilter(ApplicationFilterChain.java:163)
	at org.springframework.web.filter.CharacterEncodingFilter.doFilterInternal(CharacterEncodingFilter.java:201)
	at org.springframework.web.filter.OncePerRequestFilter.doFilter(OncePerRequestFilter.java:119)
	at org.apache.catalina.core.ApplicationFilterChain.internalDoFilter(ApplicationFilterChain.java:190)
	at org.apache.catalina.core.ApplicationFilterChain.doFilter(ApplicationFilterChain.java:163)
	at org.apache.catalina.core.StandardWrapperValve.invoke(StandardWrapperValve.java:202)
	at org.apache.catalina.core.StandardContextValve.invoke(StandardContextValve.java:97)
	at org.apache.catalina.authenticator.AuthenticatorBase.invoke(AuthenticatorBase.java:542)
	at org.apache.catalina.core.StandardHostValve.invoke(StandardHostValve.java:143)
	at org.apache.catalina.valves.ErrorReportValve.invoke(ErrorReportValve.java:92)
	at org.apache.catalina.core.StandardEngineValve.invoke(StandardEngineValve.java:78)
	at org.apache.catalina.connector.CoyoteAdapter.service(CoyoteAdapter.java:357)
	at org.apache.coyote.http11.Http11Processor.service(Http11Processor.java:382)
	at org.apache.coyote.AbstractProcessorLight.process(AbstractProcessorLight.java:65)
	at org.apache.coyote.AbstractProtocol$ConnectionHandler.process(AbstractProtocol.java:893)
	at org.apache.tomcat.util.net.NioEndpoint$SocketProcessor.doRun(NioEndpoint.java:1723)
	at org.apache.tomcat.util.net.SocketProcessorBase.run(SocketProcessorBase.java:49)
	at java.util.concurrent.ThreadPoolExecutor.runWorker(ThreadPoolExecutor.java:1149)
	at java.util.concurrent.ThreadPoolExecutor$Worker.run(ThreadPoolExecutor.java:624)
	at org.apache.tomcat.util.threads.TaskThread$WrappingRunnable.run(TaskThread.java:61)
	at java.lang.Thread.run(Thread.java:750)
Caused by: java.lang.RuntimeException: timestamp错误
	at toolkit.enc.filter.HttpBodyEncFilter.checkSign(HttpBodyEncFilter.java:132)
	at toolkit.enc.filter.HttpBodyEncFilter.performDecryption(HttpBodyEncFilter.java:208)
	at toolkit.enc.filter.HttpBodyEncFilter.doFilter(HttpBodyEncFilter.java:92)
	... 30 common frames omitted
2025-10-17 17:28:53.934 |  |  | ERROR | [http-nio-8080-exec-4] | o.a.c.c.C.[.[.[.[dispatcherServlet]:175 | Servlet.service() for servlet [dispatcherServlet] in context with path [] threw exception
java.lang.RuntimeException: Decrypt request body failed
	at toolkit.enc.filter.HttpBodyEncFilter.doFilter(HttpBodyEncFilter.java:95)
	at org.apache.catalina.core.ApplicationFilterChain.internalDoFilter(ApplicationFilterChain.java:190)
	at org.apache.catalina.core.ApplicationFilterChain.doFilter(ApplicationFilterChain.java:163)
	at org.springframework.web.filter.RequestContextFilter.doFilterInternal(RequestContextFilter.java:100)
	at org.springframework.web.filter.OncePerRequestFilter.doFilter(OncePerRequestFilter.java:119)
	at org.apache.catalina.core.ApplicationFilterChain.internalDoFilter(ApplicationFilterChain.java:190)
	at org.apache.catalina.core.ApplicationFilterChain.doFilter(ApplicationFilterChain.java:163)
	at org.springframework.web.filter.FormContentFilter.doFilterInternal(FormContentFilter.java:93)
	at org.springframework.web.filter.OncePerRequestFilter.doFilter(OncePerRequestFilter.java:119)
	at org.apache.catalina.core.ApplicationFilterChain.internalDoFilter(ApplicationFilterChain.java:190)
	at org.apache.catalina.core.ApplicationFilterChain.doFilter(ApplicationFilterChain.java:163)
	at org.springframework.web.filter.CharacterEncodingFilter.doFilterInternal(CharacterEncodingFilter.java:201)
	at org.springframework.web.filter.OncePerRequestFilter.doFilter(OncePerRequestFilter.java:119)
	at org.apache.catalina.core.ApplicationFilterChain.internalDoFilter(ApplicationFilterChain.java:190)
	at org.apache.catalina.core.ApplicationFilterChain.doFilter(ApplicationFilterChain.java:163)
	at org.apache.catalina.core.StandardWrapperValve.invoke(StandardWrapperValve.java:202)
	at org.apache.catalina.core.StandardContextValve.invoke(StandardContextValve.java:97)
	at org.apache.catalina.authenticator.AuthenticatorBase.invoke(AuthenticatorBase.java:542)
	at org.apache.catalina.core.StandardHostValve.invoke(StandardHostValve.java:143)
	at org.apache.catalina.valves.ErrorReportValve.invoke(ErrorReportValve.java:92)
	at org.apache.catalina.core.StandardEngineValve.invoke(StandardEngineValve.java:78)
	at org.apache.catalina.connector.CoyoteAdapter.service(CoyoteAdapter.java:357)
	at org.apache.coyote.http11.Http11Processor.service(Http11Processor.java:382)
	at org.apache.coyote.AbstractProcessorLight.process(AbstractProcessorLight.java:65)
	at org.apache.coyote.AbstractProtocol$ConnectionHandler.process(AbstractProtocol.java:893)
	at org.apache.tomcat.util.net.NioEndpoint$SocketProcessor.doRun(NioEndpoint.java:1723)
	at org.apache.tomcat.util.net.SocketProcessorBase.run(SocketProcessorBase.java:49)
	at java.util.concurrent.ThreadPoolExecutor.runWorker(ThreadPoolExecutor.java:1149)
	at java.util.concurrent.ThreadPoolExecutor$Worker.run(ThreadPoolExecutor.java:624)
	at org.apache.tomcat.util.threads.TaskThread$WrappingRunnable.run(TaskThread.java:61)
	at java.lang.Thread.run(Thread.java:750)
Caused by: java.lang.RuntimeException: timestamp错误
	at toolkit.enc.filter.HttpBodyEncFilter.checkSign(HttpBodyEncFilter.java:132)
	at toolkit.enc.filter.HttpBodyEncFilter.performDecryption(HttpBodyEncFilter.java:208)
	at toolkit.enc.filter.HttpBodyEncFilter.doFilter(HttpBodyEncFilter.java:92)
	... 30 common frames omitted
2025-10-17 17:29:31.269 |  |  | ERROR | [http-nio-8080-exec-7] | o.a.c.c.C.[.[.[.[dispatcherServlet]:175 | Servlet.service() for servlet [dispatcherServlet] in context with path [] threw exception
java.lang.RuntimeException: Decrypt request body failed
	at toolkit.enc.filter.HttpBodyEncFilter.doFilter(HttpBodyEncFilter.java:95)
	at org.apache.catalina.core.ApplicationFilterChain.internalDoFilter(ApplicationFilterChain.java:190)
	at org.apache.catalina.core.ApplicationFilterChain.doFilter(ApplicationFilterChain.java:163)
	at org.springframework.web.filter.RequestContextFilter.doFilterInternal(RequestContextFilter.java:100)
	at org.springframework.web.filter.OncePerRequestFilter.doFilter(OncePerRequestFilter.java:119)
	at org.apache.catalina.core.ApplicationFilterChain.internalDoFilter(ApplicationFilterChain.java:190)
	at org.apache.catalina.core.ApplicationFilterChain.doFilter(ApplicationFilterChain.java:163)
	at org.springframework.web.filter.FormContentFilter.doFilterInternal(FormContentFilter.java:93)
	at org.springframework.web.filter.OncePerRequestFilter.doFilter(OncePerRequestFilter.java:119)
	at org.apache.catalina.core.ApplicationFilterChain.internalDoFilter(ApplicationFilterChain.java:190)
	at org.apache.catalina.core.ApplicationFilterChain.doFilter(ApplicationFilterChain.java:163)
	at org.springframework.web.filter.CharacterEncodingFilter.doFilterInternal(CharacterEncodingFilter.java:201)
	at org.springframework.web.filter.OncePerRequestFilter.doFilter(OncePerRequestFilter.java:119)
	at org.apache.catalina.core.ApplicationFilterChain.internalDoFilter(ApplicationFilterChain.java:190)
	at org.apache.catalina.core.ApplicationFilterChain.doFilter(ApplicationFilterChain.java:163)
	at org.apache.catalina.core.StandardWrapperValve.invoke(StandardWrapperValve.java:202)
	at org.apache.catalina.core.StandardContextValve.invoke(StandardContextValve.java:97)
	at org.apache.catalina.authenticator.AuthenticatorBase.invoke(AuthenticatorBase.java:542)
	at org.apache.catalina.core.StandardHostValve.invoke(StandardHostValve.java:143)
	at org.apache.catalina.valves.ErrorReportValve.invoke(ErrorReportValve.java:92)
	at org.apache.catalina.core.StandardEngineValve.invoke(StandardEngineValve.java:78)
	at org.apache.catalina.connector.CoyoteAdapter.service(CoyoteAdapter.java:357)
	at org.apache.coyote.http11.Http11Processor.service(Http11Processor.java:382)
	at org.apache.coyote.AbstractProcessorLight.process(AbstractProcessorLight.java:65)
	at org.apache.coyote.AbstractProtocol$ConnectionHandler.process(AbstractProtocol.java:893)
	at org.apache.tomcat.util.net.NioEndpoint$SocketProcessor.doRun(NioEndpoint.java:1723)
	at org.apache.tomcat.util.net.SocketProcessorBase.run(SocketProcessorBase.java:49)
	at java.util.concurrent.ThreadPoolExecutor.runWorker(ThreadPoolExecutor.java:1149)
	at java.util.concurrent.ThreadPoolExecutor$Worker.run(ThreadPoolExecutor.java:624)
	at org.apache.tomcat.util.threads.TaskThread$WrappingRunnable.run(TaskThread.java:61)
	at java.lang.Thread.run(Thread.java:750)
Caused by: java.lang.RuntimeException: timestamp错误
	at toolkit.enc.filter.HttpBodyEncFilter.checkSign(HttpBodyEncFilter.java:132)
	at toolkit.enc.filter.HttpBodyEncFilter.performDecryption(HttpBodyEncFilter.java:208)
	at toolkit.enc.filter.HttpBodyEncFilter.doFilter(HttpBodyEncFilter.java:92)
	... 30 common frames omitted
2025-10-17 17:33:17.488 |  |  | ERROR | [http-nio-8080-exec-6] | o.a.c.c.C.[.[.[.[dispatcherServlet]:175 | Servlet.service() for servlet [dispatcherServlet] in context with path [] threw exception
java.lang.RuntimeException: Decrypt request body failed
	at toolkit.enc.filter.HttpBodyEncFilter.doFilter(HttpBodyEncFilter.java:95)
	at org.apache.catalina.core.ApplicationFilterChain.internalDoFilter(ApplicationFilterChain.java:190)
	at org.apache.catalina.core.ApplicationFilterChain.doFilter(ApplicationFilterChain.java:163)
	at org.springframework.web.filter.RequestContextFilter.doFilterInternal(RequestContextFilter.java:100)
	at org.springframework.web.filter.OncePerRequestFilter.doFilter(OncePerRequestFilter.java:119)
	at org.apache.catalina.core.ApplicationFilterChain.internalDoFilter(ApplicationFilterChain.java:190)
	at org.apache.catalina.core.ApplicationFilterChain.doFilter(ApplicationFilterChain.java:163)
	at org.springframework.web.filter.FormContentFilter.doFilterInternal(FormContentFilter.java:93)
	at org.springframework.web.filter.OncePerRequestFilter.doFilter(OncePerRequestFilter.java:119)
	at org.apache.catalina.core.ApplicationFilterChain.internalDoFilter(ApplicationFilterChain.java:190)
	at org.apache.catalina.core.ApplicationFilterChain.doFilter(ApplicationFilterChain.java:163)
	at org.springframework.web.filter.CharacterEncodingFilter.doFilterInternal(CharacterEncodingFilter.java:201)
	at org.springframework.web.filter.OncePerRequestFilter.doFilter(OncePerRequestFilter.java:119)
	at org.apache.catalina.core.ApplicationFilterChain.internalDoFilter(ApplicationFilterChain.java:190)
	at org.apache.catalina.core.ApplicationFilterChain.doFilter(ApplicationFilterChain.java:163)
	at org.apache.catalina.core.StandardWrapperValve.invoke(StandardWrapperValve.java:202)
	at org.apache.catalina.core.StandardContextValve.invoke(StandardContextValve.java:97)
	at org.apache.catalina.authenticator.AuthenticatorBase.invoke(AuthenticatorBase.java:542)
	at org.apache.catalina.core.StandardHostValve.invoke(StandardHostValve.java:143)
	at org.apache.catalina.valves.ErrorReportValve.invoke(ErrorReportValve.java:92)
	at org.apache.catalina.core.StandardEngineValve.invoke(StandardEngineValve.java:78)
	at org.apache.catalina.connector.CoyoteAdapter.service(CoyoteAdapter.java:357)
	at org.apache.coyote.http11.Http11Processor.service(Http11Processor.java:382)
	at org.apache.coyote.AbstractProcessorLight.process(AbstractProcessorLight.java:65)
	at org.apache.coyote.AbstractProtocol$ConnectionHandler.process(AbstractProtocol.java:893)
	at org.apache.tomcat.util.net.NioEndpoint$SocketProcessor.doRun(NioEndpoint.java:1723)
	at org.apache.tomcat.util.net.SocketProcessorBase.run(SocketProcessorBase.java:49)
	at java.util.concurrent.ThreadPoolExecutor.runWorker(ThreadPoolExecutor.java:1149)
	at java.util.concurrent.ThreadPoolExecutor$Worker.run(ThreadPoolExecutor.java:624)
	at org.apache.tomcat.util.threads.TaskThread$WrappingRunnable.run(TaskThread.java:61)
	at java.lang.Thread.run(Thread.java:750)
Caused by: java.lang.RuntimeException: timestamp错误
	at toolkit.enc.filter.HttpBodyEncFilter.checkSign(HttpBodyEncFilter.java:132)
	at toolkit.enc.filter.HttpBodyEncFilter.performDecryption(HttpBodyEncFilter.java:208)
	at toolkit.enc.filter.HttpBodyEncFilter.doFilter(HttpBodyEncFilter.java:92)
	... 30 common frames omitted
2025-10-17 17:34:15.376 |  |  | ERROR | [http-nio-8080-exec-3] | o.a.c.c.C.[.[.[.[dispatcherServlet]:175 | Servlet.service() for servlet [dispatcherServlet] in context with path [] threw exception
java.lang.RuntimeException: Decrypt request body failed
	at toolkit.enc.filter.HttpBodyEncFilter.doFilter(HttpBodyEncFilter.java:95)
	at org.apache.catalina.core.ApplicationFilterChain.internalDoFilter(ApplicationFilterChain.java:190)
	at org.apache.catalina.core.ApplicationFilterChain.doFilter(ApplicationFilterChain.java:163)
	at org.springframework.web.filter.RequestContextFilter.doFilterInternal(RequestContextFilter.java:100)
	at org.springframework.web.filter.OncePerRequestFilter.doFilter(OncePerRequestFilter.java:119)
	at org.apache.catalina.core.ApplicationFilterChain.internalDoFilter(ApplicationFilterChain.java:190)
	at org.apache.catalina.core.ApplicationFilterChain.doFilter(ApplicationFilterChain.java:163)
	at org.springframework.web.filter.FormContentFilter.doFilterInternal(FormContentFilter.java:93)
	at org.springframework.web.filter.OncePerRequestFilter.doFilter(OncePerRequestFilter.java:119)
	at org.apache.catalina.core.ApplicationFilterChain.internalDoFilter(ApplicationFilterChain.java:190)
	at org.apache.catalina.core.ApplicationFilterChain.doFilter(ApplicationFilterChain.java:163)
	at org.springframework.web.filter.CharacterEncodingFilter.doFilterInternal(CharacterEncodingFilter.java:201)
	at org.springframework.web.filter.OncePerRequestFilter.doFilter(OncePerRequestFilter.java:119)
	at org.apache.catalina.core.ApplicationFilterChain.internalDoFilter(ApplicationFilterChain.java:190)
	at org.apache.catalina.core.ApplicationFilterChain.doFilter(ApplicationFilterChain.java:163)
	at org.apache.catalina.core.StandardWrapperValve.invoke(StandardWrapperValve.java:202)
	at org.apache.catalina.core.StandardContextValve.invoke(StandardContextValve.java:97)
	at org.apache.catalina.authenticator.AuthenticatorBase.invoke(AuthenticatorBase.java:542)
	at org.apache.catalina.core.StandardHostValve.invoke(StandardHostValve.java:143)
	at org.apache.catalina.valves.ErrorReportValve.invoke(ErrorReportValve.java:92)
	at org.apache.catalina.core.StandardEngineValve.invoke(StandardEngineValve.java:78)
	at org.apache.catalina.connector.CoyoteAdapter.service(CoyoteAdapter.java:357)
	at org.apache.coyote.http11.Http11Processor.service(Http11Processor.java:382)
	at org.apache.coyote.AbstractProcessorLight.process(AbstractProcessorLight.java:65)
	at org.apache.coyote.AbstractProtocol$ConnectionHandler.process(AbstractProtocol.java:893)
	at org.apache.tomcat.util.net.NioEndpoint$SocketProcessor.doRun(NioEndpoint.java:1723)
	at org.apache.tomcat.util.net.SocketProcessorBase.run(SocketProcessorBase.java:49)
	at java.util.concurrent.ThreadPoolExecutor.runWorker(ThreadPoolExecutor.java:1149)
	at java.util.concurrent.ThreadPoolExecutor$Worker.run(ThreadPoolExecutor.java:624)
	at org.apache.tomcat.util.threads.TaskThread$WrappingRunnable.run(TaskThread.java:61)
	at java.lang.Thread.run(Thread.java:750)
Caused by: java.lang.RuntimeException: timestamp错误
	at toolkit.enc.filter.HttpBodyEncFilter.checkSign(HttpBodyEncFilter.java:132)
	at toolkit.enc.filter.HttpBodyEncFilter.performDecryption(HttpBodyEncFilter.java:208)
	at toolkit.enc.filter.HttpBodyEncFilter.doFilter(HttpBodyEncFilter.java:92)
	... 30 common frames omitted
2025-10-17 17:34:31.151 |  |  | ERROR | [http-nio-8080-exec-5] | o.a.c.c.C.[.[.[.[dispatcherServlet]:175 | Servlet.service() for servlet [dispatcherServlet] in context with path [] threw exception
java.lang.RuntimeException: Decrypt request body failed
	at toolkit.enc.filter.HttpBodyEncFilter.doFilter(HttpBodyEncFilter.java:95)
	at org.apache.catalina.core.ApplicationFilterChain.internalDoFilter(ApplicationFilterChain.java:190)
	at org.apache.catalina.core.ApplicationFilterChain.doFilter(ApplicationFilterChain.java:163)
	at org.springframework.web.filter.RequestContextFilter.doFilterInternal(RequestContextFilter.java:100)
	at org.springframework.web.filter.OncePerRequestFilter.doFilter(OncePerRequestFilter.java:119)
	at org.apache.catalina.core.ApplicationFilterChain.internalDoFilter(ApplicationFilterChain.java:190)
	at org.apache.catalina.core.ApplicationFilterChain.doFilter(ApplicationFilterChain.java:163)
	at org.springframework.web.filter.FormContentFilter.doFilterInternal(FormContentFilter.java:93)
	at org.springframework.web.filter.OncePerRequestFilter.doFilter(OncePerRequestFilter.java:119)
	at org.apache.catalina.core.ApplicationFilterChain.internalDoFilter(ApplicationFilterChain.java:190)
	at org.apache.catalina.core.ApplicationFilterChain.doFilter(ApplicationFilterChain.java:163)
	at org.springframework.web.filter.CharacterEncodingFilter.doFilterInternal(CharacterEncodingFilter.java:201)
	at org.springframework.web.filter.OncePerRequestFilter.doFilter(OncePerRequestFilter.java:119)
	at org.apache.catalina.core.ApplicationFilterChain.internalDoFilter(ApplicationFilterChain.java:190)
	at org.apache.catalina.core.ApplicationFilterChain.doFilter(ApplicationFilterChain.java:163)
	at org.apache.catalina.core.StandardWrapperValve.invoke(StandardWrapperValve.java:202)
	at org.apache.catalina.core.StandardContextValve.invoke(StandardContextValve.java:97)
	at org.apache.catalina.authenticator.AuthenticatorBase.invoke(AuthenticatorBase.java:542)
	at org.apache.catalina.core.StandardHostValve.invoke(StandardHostValve.java:143)
	at org.apache.catalina.valves.ErrorReportValve.invoke(ErrorReportValve.java:92)
	at org.apache.catalina.core.StandardEngineValve.invoke(StandardEngineValve.java:78)
	at org.apache.catalina.connector.CoyoteAdapter.service(CoyoteAdapter.java:357)
	at org.apache.coyote.http11.Http11Processor.service(Http11Processor.java:382)
	at org.apache.coyote.AbstractProcessorLight.process(AbstractProcessorLight.java:65)
	at org.apache.coyote.AbstractProtocol$ConnectionHandler.process(AbstractProtocol.java:893)
	at org.apache.tomcat.util.net.NioEndpoint$SocketProcessor.doRun(NioEndpoint.java:1723)
	at org.apache.tomcat.util.net.SocketProcessorBase.run(SocketProcessorBase.java:49)
	at java.util.concurrent.ThreadPoolExecutor.runWorker(ThreadPoolExecutor.java:1149)
	at java.util.concurrent.ThreadPoolExecutor$Worker.run(ThreadPoolExecutor.java:624)
	at org.apache.tomcat.util.threads.TaskThread$WrappingRunnable.run(TaskThread.java:61)
	at java.lang.Thread.run(Thread.java:750)
Caused by: java.lang.RuntimeException: sign错误
	at toolkit.enc.filter.HttpBodyEncFilter.checkSign(HttpBodyEncFilter.java:140)
	at toolkit.enc.filter.HttpBodyEncFilter.performDecryption(HttpBodyEncFilter.java:208)
	at toolkit.enc.filter.HttpBodyEncFilter.doFilter(HttpBodyEncFilter.java:92)
	... 30 common frames omitted
2025-10-17 17:35:11.098 |  |  | ERROR | [http-nio-8080-exec-4] | o.a.c.c.C.[.[.[.[dispatcherServlet]:175 | Servlet.service() for servlet [dispatcherServlet] in context with path [] threw exception
java.lang.RuntimeException: Decrypt request body failed
	at toolkit.enc.filter.HttpBodyEncFilter.doFilter(HttpBodyEncFilter.java:95)
	at org.apache.catalina.core.ApplicationFilterChain.internalDoFilter(ApplicationFilterChain.java:190)
	at org.apache.catalina.core.ApplicationFilterChain.doFilter(ApplicationFilterChain.java:163)
	at org.springframework.web.filter.RequestContextFilter.doFilterInternal(RequestContextFilter.java:100)
	at org.springframework.web.filter.OncePerRequestFilter.doFilter(OncePerRequestFilter.java:119)
	at org.apache.catalina.core.ApplicationFilterChain.internalDoFilter(ApplicationFilterChain.java:190)
	at org.apache.catalina.core.ApplicationFilterChain.doFilter(ApplicationFilterChain.java:163)
	at org.springframework.web.filter.FormContentFilter.doFilterInternal(FormContentFilter.java:93)
	at org.springframework.web.filter.OncePerRequestFilter.doFilter(OncePerRequestFilter.java:119)
	at org.apache.catalina.core.ApplicationFilterChain.internalDoFilter(ApplicationFilterChain.java:190)
	at org.apache.catalina.core.ApplicationFilterChain.doFilter(ApplicationFilterChain.java:163)
	at org.springframework.web.filter.CharacterEncodingFilter.doFilterInternal(CharacterEncodingFilter.java:201)
	at org.springframework.web.filter.OncePerRequestFilter.doFilter(OncePerRequestFilter.java:119)
	at org.apache.catalina.core.ApplicationFilterChain.internalDoFilter(ApplicationFilterChain.java:190)
	at org.apache.catalina.core.ApplicationFilterChain.doFilter(ApplicationFilterChain.java:163)
	at org.apache.catalina.core.StandardWrapperValve.invoke(StandardWrapperValve.java:202)
	at org.apache.catalina.core.StandardContextValve.invoke(StandardContextValve.java:97)
	at org.apache.catalina.authenticator.AuthenticatorBase.invoke(AuthenticatorBase.java:542)
	at org.apache.catalina.core.StandardHostValve.invoke(StandardHostValve.java:143)
	at org.apache.catalina.valves.ErrorReportValve.invoke(ErrorReportValve.java:92)
	at org.apache.catalina.core.StandardEngineValve.invoke(StandardEngineValve.java:78)
	at org.apache.catalina.connector.CoyoteAdapter.service(CoyoteAdapter.java:357)
	at org.apache.coyote.http11.Http11Processor.service(Http11Processor.java:382)
	at org.apache.coyote.AbstractProcessorLight.process(AbstractProcessorLight.java:65)
	at org.apache.coyote.AbstractProtocol$ConnectionHandler.process(AbstractProtocol.java:893)
	at org.apache.tomcat.util.net.NioEndpoint$SocketProcessor.doRun(NioEndpoint.java:1723)
	at org.apache.tomcat.util.net.SocketProcessorBase.run(SocketProcessorBase.java:49)
	at java.util.concurrent.ThreadPoolExecutor.runWorker(ThreadPoolExecutor.java:1149)
	at java.util.concurrent.ThreadPoolExecutor$Worker.run(ThreadPoolExecutor.java:624)
	at org.apache.tomcat.util.threads.TaskThread$WrappingRunnable.run(TaskThread.java:61)
	at java.lang.Thread.run(Thread.java:750)
Caused by: java.lang.RuntimeException: sign错误
	at toolkit.enc.filter.HttpBodyEncFilter.checkSign(HttpBodyEncFilter.java:140)
	at toolkit.enc.filter.HttpBodyEncFilter.performDecryption(HttpBodyEncFilter.java:208)
	at toolkit.enc.filter.HttpBodyEncFilter.doFilter(HttpBodyEncFilter.java:92)
	... 30 common frames omitted
2025-10-17 17:35:15.744 |  |  | ERROR | [http-nio-8080-exec-9] | o.a.c.c.C.[.[.[.[dispatcherServlet]:175 | Servlet.service() for servlet [dispatcherServlet] in context with path [] threw exception
java.lang.RuntimeException: Decrypt request body failed
	at toolkit.enc.filter.HttpBodyEncFilter.doFilter(HttpBodyEncFilter.java:95)
	at org.apache.catalina.core.ApplicationFilterChain.internalDoFilter(ApplicationFilterChain.java:190)
	at org.apache.catalina.core.ApplicationFilterChain.doFilter(ApplicationFilterChain.java:163)
	at org.springframework.web.filter.RequestContextFilter.doFilterInternal(RequestContextFilter.java:100)
	at org.springframework.web.filter.OncePerRequestFilter.doFilter(OncePerRequestFilter.java:119)
	at org.apache.catalina.core.ApplicationFilterChain.internalDoFilter(ApplicationFilterChain.java:190)
	at org.apache.catalina.core.ApplicationFilterChain.doFilter(ApplicationFilterChain.java:163)
	at org.springframework.web.filter.FormContentFilter.doFilterInternal(FormContentFilter.java:93)
	at org.springframework.web.filter.OncePerRequestFilter.doFilter(OncePerRequestFilter.java:119)
	at org.apache.catalina.core.ApplicationFilterChain.internalDoFilter(ApplicationFilterChain.java:190)
	at org.apache.catalina.core.ApplicationFilterChain.doFilter(ApplicationFilterChain.java:163)
	at org.springframework.web.filter.CharacterEncodingFilter.doFilterInternal(CharacterEncodingFilter.java:201)
	at org.springframework.web.filter.OncePerRequestFilter.doFilter(OncePerRequestFilter.java:119)
	at org.apache.catalina.core.ApplicationFilterChain.internalDoFilter(ApplicationFilterChain.java:190)
	at org.apache.catalina.core.ApplicationFilterChain.doFilter(ApplicationFilterChain.java:163)
	at org.apache.catalina.core.StandardWrapperValve.invoke(StandardWrapperValve.java:202)
	at org.apache.catalina.core.StandardContextValve.invoke(StandardContextValve.java:97)
	at org.apache.catalina.authenticator.AuthenticatorBase.invoke(AuthenticatorBase.java:542)
	at org.apache.catalina.core.StandardHostValve.invoke(StandardHostValve.java:143)
	at org.apache.catalina.valves.ErrorReportValve.invoke(ErrorReportValve.java:92)
	at org.apache.catalina.core.StandardEngineValve.invoke(StandardEngineValve.java:78)
	at org.apache.catalina.connector.CoyoteAdapter.service(CoyoteAdapter.java:357)
	at org.apache.coyote.http11.Http11Processor.service(Http11Processor.java:382)
	at org.apache.coyote.AbstractProcessorLight.process(AbstractProcessorLight.java:65)
	at org.apache.coyote.AbstractProtocol$ConnectionHandler.process(AbstractProtocol.java:893)
	at org.apache.tomcat.util.net.NioEndpoint$SocketProcessor.doRun(NioEndpoint.java:1723)
	at org.apache.tomcat.util.net.SocketProcessorBase.run(SocketProcessorBase.java:49)
	at java.util.concurrent.ThreadPoolExecutor.runWorker(ThreadPoolExecutor.java:1149)
	at java.util.concurrent.ThreadPoolExecutor$Worker.run(ThreadPoolExecutor.java:624)
	at org.apache.tomcat.util.threads.TaskThread$WrappingRunnable.run(TaskThread.java:61)
	at java.lang.Thread.run(Thread.java:750)
Caused by: java.lang.RuntimeException: sign错误
	at toolkit.enc.filter.HttpBodyEncFilter.checkSign(HttpBodyEncFilter.java:140)
	at toolkit.enc.filter.HttpBodyEncFilter.performDecryption(HttpBodyEncFilter.java:208)
	at toolkit.enc.filter.HttpBodyEncFilter.doFilter(HttpBodyEncFilter.java:92)
	... 30 common frames omitted
2025-10-17 17:37:30.380 |  |  | ERROR | [http-nio-8080-exec-5] | o.a.c.c.C.[.[.[.[dispatcherServlet]:175 | Servlet.service() for servlet [dispatcherServlet] in context with path [] threw exception
java.lang.RuntimeException: Decrypt request body failed
	at toolkit.enc.filter.HttpBodyEncFilter.doFilter(HttpBodyEncFilter.java:95)
	at org.apache.catalina.core.ApplicationFilterChain.internalDoFilter(ApplicationFilterChain.java:190)
	at org.apache.catalina.core.ApplicationFilterChain.doFilter(ApplicationFilterChain.java:163)
	at org.springframework.web.filter.RequestContextFilter.doFilterInternal(RequestContextFilter.java:100)
	at org.springframework.web.filter.OncePerRequestFilter.doFilter(OncePerRequestFilter.java:119)
	at org.apache.catalina.core.ApplicationFilterChain.internalDoFilter(ApplicationFilterChain.java:190)
	at org.apache.catalina.core.ApplicationFilterChain.doFilter(ApplicationFilterChain.java:163)
	at org.springframework.web.filter.FormContentFilter.doFilterInternal(FormContentFilter.java:93)
	at org.springframework.web.filter.OncePerRequestFilter.doFilter(OncePerRequestFilter.java:119)
	at org.apache.catalina.core.ApplicationFilterChain.internalDoFilter(ApplicationFilterChain.java:190)
	at org.apache.catalina.core.ApplicationFilterChain.doFilter(ApplicationFilterChain.java:163)
	at org.springframework.web.filter.CharacterEncodingFilter.doFilterInternal(CharacterEncodingFilter.java:201)
	at org.springframework.web.filter.OncePerRequestFilter.doFilter(OncePerRequestFilter.java:119)
	at org.apache.catalina.core.ApplicationFilterChain.internalDoFilter(ApplicationFilterChain.java:190)
	at org.apache.catalina.core.ApplicationFilterChain.doFilter(ApplicationFilterChain.java:163)
	at org.apache.catalina.core.StandardWrapperValve.invoke(StandardWrapperValve.java:202)
	at org.apache.catalina.core.StandardContextValve.invoke(StandardContextValve.java:97)
	at org.apache.catalina.authenticator.AuthenticatorBase.invoke(AuthenticatorBase.java:542)
	at org.apache.catalina.core.StandardHostValve.invoke(StandardHostValve.java:143)
	at org.apache.catalina.valves.ErrorReportValve.invoke(ErrorReportValve.java:92)
	at org.apache.catalina.core.StandardEngineValve.invoke(StandardEngineValve.java:78)
	at org.apache.catalina.connector.CoyoteAdapter.service(CoyoteAdapter.java:357)
	at org.apache.coyote.http11.Http11Processor.service(Http11Processor.java:382)
	at org.apache.coyote.AbstractProcessorLight.process(AbstractProcessorLight.java:65)
	at org.apache.coyote.AbstractProtocol$ConnectionHandler.process(AbstractProtocol.java:893)
	at org.apache.tomcat.util.net.NioEndpoint$SocketProcessor.doRun(NioEndpoint.java:1723)
	at org.apache.tomcat.util.net.SocketProcessorBase.run(SocketProcessorBase.java:49)
	at java.util.concurrent.ThreadPoolExecutor.runWorker(ThreadPoolExecutor.java:1149)
	at java.util.concurrent.ThreadPoolExecutor$Worker.run(ThreadPoolExecutor.java:624)
	at org.apache.tomcat.util.threads.TaskThread$WrappingRunnable.run(TaskThread.java:61)
	at java.lang.Thread.run(Thread.java:750)
Caused by: java.lang.RuntimeException: sign错误
	at toolkit.enc.filter.HttpBodyEncFilter.checkSign(HttpBodyEncFilter.java:140)
	at toolkit.enc.filter.HttpBodyEncFilter.performDecryption(HttpBodyEncFilter.java:208)
	at toolkit.enc.filter.HttpBodyEncFilter.doFilter(HttpBodyEncFilter.java:92)
	... 30 common frames omitted
2025-10-17 17:37:42.217 |  |  | ERROR | [http-nio-8080-exec-7] | o.a.c.c.C.[.[.[.[dispatcherServlet]:175 | Servlet.service() for servlet [dispatcherServlet] in context with path [] threw exception
java.lang.RuntimeException: Decrypt request body failed
	at toolkit.enc.filter.HttpBodyEncFilter.doFilter(HttpBodyEncFilter.java:95)
	at org.apache.catalina.core.ApplicationFilterChain.internalDoFilter(ApplicationFilterChain.java:190)
	at org.apache.catalina.core.ApplicationFilterChain.doFilter(ApplicationFilterChain.java:163)
	at org.springframework.web.filter.RequestContextFilter.doFilterInternal(RequestContextFilter.java:100)
	at org.springframework.web.filter.OncePerRequestFilter.doFilter(OncePerRequestFilter.java:119)
	at org.apache.catalina.core.ApplicationFilterChain.internalDoFilter(ApplicationFilterChain.java:190)
	at org.apache.catalina.core.ApplicationFilterChain.doFilter(ApplicationFilterChain.java:163)
	at org.springframework.web.filter.FormContentFilter.doFilterInternal(FormContentFilter.java:93)
	at org.springframework.web.filter.OncePerRequestFilter.doFilter(OncePerRequestFilter.java:119)
	at org.apache.catalina.core.ApplicationFilterChain.internalDoFilter(ApplicationFilterChain.java:190)
	at org.apache.catalina.core.ApplicationFilterChain.doFilter(ApplicationFilterChain.java:163)
	at org.springframework.web.filter.CharacterEncodingFilter.doFilterInternal(CharacterEncodingFilter.java:201)
	at org.springframework.web.filter.OncePerRequestFilter.doFilter(OncePerRequestFilter.java:119)
	at org.apache.catalina.core.ApplicationFilterChain.internalDoFilter(ApplicationFilterChain.java:190)
	at org.apache.catalina.core.ApplicationFilterChain.doFilter(ApplicationFilterChain.java:163)
	at org.apache.catalina.core.StandardWrapperValve.invoke(StandardWrapperValve.java:202)
	at org.apache.catalina.core.StandardContextValve.invoke(StandardContextValve.java:97)
	at org.apache.catalina.authenticator.AuthenticatorBase.invoke(AuthenticatorBase.java:542)
	at org.apache.catalina.core.StandardHostValve.invoke(StandardHostValve.java:143)
	at org.apache.catalina.valves.ErrorReportValve.invoke(ErrorReportValve.java:92)
	at org.apache.catalina.core.StandardEngineValve.invoke(StandardEngineValve.java:78)
	at org.apache.catalina.connector.CoyoteAdapter.service(CoyoteAdapter.java:357)
	at org.apache.coyote.http11.Http11Processor.service(Http11Processor.java:382)
	at org.apache.coyote.AbstractProcessorLight.process(AbstractProcessorLight.java:65)
	at org.apache.coyote.AbstractProtocol$ConnectionHandler.process(AbstractProtocol.java:893)
	at org.apache.tomcat.util.net.NioEndpoint$SocketProcessor.doRun(NioEndpoint.java:1723)
	at org.apache.tomcat.util.net.SocketProcessorBase.run(SocketProcessorBase.java:49)
	at java.util.concurrent.ThreadPoolExecutor.runWorker(ThreadPoolExecutor.java:1149)
	at java.util.concurrent.ThreadPoolExecutor$Worker.run(ThreadPoolExecutor.java:624)
	at org.apache.tomcat.util.threads.TaskThread$WrappingRunnable.run(TaskThread.java:61)
	at java.lang.Thread.run(Thread.java:750)
Caused by: java.lang.RuntimeException: sign错误
	at toolkit.enc.filter.HttpBodyEncFilter.checkSign(HttpBodyEncFilter.java:140)
	at toolkit.enc.filter.HttpBodyEncFilter.performDecryption(HttpBodyEncFilter.java:208)
	at toolkit.enc.filter.HttpBodyEncFilter.doFilter(HttpBodyEncFilter.java:92)
	... 30 common frames omitted
2025-10-17 17:38:38.122 |  |  | ERROR | [http-nio-8080-exec-9] | o.a.c.c.C.[.[.[.[dispatcherServlet]:175 | Servlet.service() for servlet [dispatcherServlet] in context with path [] threw exception
java.lang.RuntimeException: Decrypt request body failed
	at toolkit.enc.filter.HttpBodyEncFilter.doFilter(HttpBodyEncFilter.java:95)
	at org.apache.catalina.core.ApplicationFilterChain.internalDoFilter(ApplicationFilterChain.java:190)
	at org.apache.catalina.core.ApplicationFilterChain.doFilter(ApplicationFilterChain.java:163)
	at org.springframework.web.filter.RequestContextFilter.doFilterInternal(RequestContextFilter.java:100)
	at org.springframework.web.filter.OncePerRequestFilter.doFilter(OncePerRequestFilter.java:119)
	at org.apache.catalina.core.ApplicationFilterChain.internalDoFilter(ApplicationFilterChain.java:190)
	at org.apache.catalina.core.ApplicationFilterChain.doFilter(ApplicationFilterChain.java:163)
	at org.springframework.web.filter.FormContentFilter.doFilterInternal(FormContentFilter.java:93)
	at org.springframework.web.filter.OncePerRequestFilter.doFilter(OncePerRequestFilter.java:119)
	at org.apache.catalina.core.ApplicationFilterChain.internalDoFilter(ApplicationFilterChain.java:190)
	at org.apache.catalina.core.ApplicationFilterChain.doFilter(ApplicationFilterChain.java:163)
	at org.springframework.web.filter.CharacterEncodingFilter.doFilterInternal(CharacterEncodingFilter.java:201)
	at org.springframework.web.filter.OncePerRequestFilter.doFilter(OncePerRequestFilter.java:119)
	at org.apache.catalina.core.ApplicationFilterChain.internalDoFilter(ApplicationFilterChain.java:190)
	at org.apache.catalina.core.ApplicationFilterChain.doFilter(ApplicationFilterChain.java:163)
	at org.apache.catalina.core.StandardWrapperValve.invoke(StandardWrapperValve.java:202)
	at org.apache.catalina.core.StandardContextValve.invoke(StandardContextValve.java:97)
	at org.apache.catalina.authenticator.AuthenticatorBase.invoke(AuthenticatorBase.java:542)
	at org.apache.catalina.core.StandardHostValve.invoke(StandardHostValve.java:143)
	at org.apache.catalina.valves.ErrorReportValve.invoke(ErrorReportValve.java:92)
	at org.apache.catalina.core.StandardEngineValve.invoke(StandardEngineValve.java:78)
	at org.apache.catalina.connector.CoyoteAdapter.service(CoyoteAdapter.java:357)
	at org.apache.coyote.http11.Http11Processor.service(Http11Processor.java:382)
	at org.apache.coyote.AbstractProcessorLight.process(AbstractProcessorLight.java:65)
	at org.apache.coyote.AbstractProtocol$ConnectionHandler.process(AbstractProtocol.java:893)
	at org.apache.tomcat.util.net.NioEndpoint$SocketProcessor.doRun(NioEndpoint.java:1723)
	at org.apache.tomcat.util.net.SocketProcessorBase.run(SocketProcessorBase.java:49)
	at java.util.concurrent.ThreadPoolExecutor.runWorker(ThreadPoolExecutor.java:1149)
	at java.util.concurrent.ThreadPoolExecutor$Worker.run(ThreadPoolExecutor.java:624)
	at org.apache.tomcat.util.threads.TaskThread$WrappingRunnable.run(TaskThread.java:61)
	at java.lang.Thread.run(Thread.java:750)
Caused by: java.lang.RuntimeException: sign错误
	at toolkit.enc.filter.HttpBodyEncFilter.checkSign(HttpBodyEncFilter.java:142)
	at toolkit.enc.filter.HttpBodyEncFilter.performDecryption(HttpBodyEncFilter.java:210)
	at toolkit.enc.filter.HttpBodyEncFilter.doFilter(HttpBodyEncFilter.java:92)
	... 30 common frames omitted
